<?xml version="1.0" encoding="UTF-8"?>
<testsuite name="hello.HelloControllerTest" tests="1" skipped="0" failures="0" errors="0" timestamp="2017-07-18T17:28:52" hostname="Andrews-Mac-mini.local" time="0.01">
  <properties/>
  <testcase name="getHello" classname="hello.HelloControllerTest" time="0.01"/>
  <system-out><![CDATA[2017-07-18 13:28:52.418  INFO 26233 --- [    Test worker] .b.t.c.SpringBootTestContextBootstrapper : Neither @ContextConfiguration nor @ContextHierarchy found for test class [hello.HelloControllerTest], using SpringBootContextLoader
2017-07-18 13:28:52.419  INFO 26233 --- [    Test worker] o.s.t.c.support.AbstractContextLoader    : Could not detect default resource locations for test class [hello.HelloControllerTest]: no resource found for suffixes {-context.xml, Context.groovy}.
2017-07-18 13:28:52.420  INFO 26233 --- [    Test worker] t.c.s.AnnotationConfigContextLoaderUtils : Could not detect default configuration classes for test class [hello.HelloControllerTest]: HelloControllerTest does not declare any static, non-private, non-final, nested classes annotated with @Configuration.
2017-07-18 13:28:52.432  INFO 26233 --- [    Test worker] .b.t.c.SpringBootTestContextBootstrapper : Found @SpringBootConfiguration hello.Application for test class hello.HelloControllerTest
2017-07-18 13:28:52.436  INFO 26233 --- [    Test worker] .b.t.c.SpringBootTestContextBootstrapper : Loaded default TestExecutionListener class names from location [META-INF/spring.factories]: [org.springframework.boot.test.autoconfigure.restdocs.RestDocsTestExecutionListener, org.springframework.boot.test.autoconfigure.web.client.MockRestServiceServerResetTestExecutionListener, org.springframework.boot.test.autoconfigure.web.servlet.MockMvcPrintOnlyOnFailureTestExecutionListener, org.springframework.boot.test.autoconfigure.web.servlet.WebDriverTestExecutionListener, org.springframework.boot.test.mock.mockito.MockitoTestExecutionListener, org.springframework.boot.test.mock.mockito.ResetMocksTestExecutionListener, org.springframework.test.context.web.ServletTestExecutionListener, org.springframework.test.context.support.DirtiesContextBeforeModesTestExecutionListener, org.springframework.test.context.support.DependencyInjectionTestExecutionListener, org.springframework.test.context.support.DirtiesContextTestExecutionListener, org.springframework.test.context.transaction.TransactionalTestExecutionListener, org.springframework.test.context.jdbc.SqlScriptsTestExecutionListener]
2017-07-18 13:28:52.439  INFO 26233 --- [    Test worker] .b.t.c.SpringBootTestContextBootstrapper : Could not instantiate TestExecutionListener [org.springframework.test.context.jdbc.SqlScriptsTestExecutionListener]. Specify custom listener classes or make the default listener classes (and their required dependencies) available. Offending class: [org/springframework/transaction/interceptor/TransactionAttribute]
2017-07-18 13:28:52.440  INFO 26233 --- [    Test worker] .b.t.c.SpringBootTestContextBootstrapper : Could not instantiate TestExecutionListener [org.springframework.test.context.transaction.TransactionalTestExecutionListener]. Specify custom listener classes or make the default listener classes (and their required dependencies) available. Offending class: [org/springframework/transaction/interceptor/TransactionAttributeSource]
2017-07-18 13:28:52.440  INFO 26233 --- [    Test worker] .b.t.c.SpringBootTestContextBootstrapper : Using TestExecutionListeners: [org.springframework.test.context.web.ServletTestExecutionListener@94296e0, org.springframework.test.context.support.DirtiesContextBeforeModesTestExecutionListener@3270d4b6, org.springframework.boot.test.autoconfigure.SpringBootDependencyInjectionTestExecutionListener@4089da41, org.springframework.test.context.support.DirtiesContextTestExecutionListener@2263e508, org.springframework.boot.test.autoconfigure.web.servlet.WebDriverTestExecutionListener@3f8b9232, org.springframework.boot.test.mock.mockito.ResetMocksTestExecutionListener@bea3411, org.springframework.boot.test.autoconfigure.restdocs.RestDocsTestExecutionListener@5bfbcff, org.springframework.boot.test.autoconfigure.web.client.MockRestServiceServerResetTestExecutionListener@384952e5, org.springframework.boot.test.autoconfigure.web.servlet.MockMvcPrintOnlyOnFailureTestExecutionListener@5bb05ddc, org.springframework.boot.test.mock.mockito.MockitoTestExecutionListener@1a0a007]
]]></system-out>
  <system-err><![CDATA[]]></system-err>
</testsuite>
